::1 - - [15/Nov/2024:15:50:05 +0900] "GET / HTTP/1.1" 200 46
::1 - - [15/Nov/2024:15:50:05 +0900] "GET /favicon.ico HTTP/1.1" 404 196
::1 - - [15/Nov/2024:15:51:05 +0900] "-" 408 -
::1 - - [15/Nov/2024:16:22:27 +0900] "GET /favicon.ico HTTP/1.1" 404 196
::1 - - [15/Nov/2024:16:23:27 +0900] "-" 408 -
::1 - - [15/Nov/2024:20:53:49 +0900] "-" 408 -
::1 - - [15/Nov/2024:20:53:49 +0900] "-" 408 -
::1 - - [15/Nov/2024:20:56:43 +0900] "-" 408 -
::1 - - [15/Nov/2024:20:56:46 +0900] "-" 408 -
::1 - - [15/Nov/2024:21:13:15 +0900] "GET / HTTP/1.1" 200 50
::1 - - [15/Nov/2024:21:14:15 +0900] "-" 408 -
::1 - - [15/Nov/2024:21:21:11 +0900] "GET / HTTP/1.1" 200 49
::1 - - [15/Nov/2024:21:22:11 +0900] "-" 408 -
::1 - - [15/Nov/2024:21:54:13 +0900] "GET / HTTP/1.1" 200 49
::1 - - [15/Nov/2024:21:55:10 +0900] "GET /phpinfo.php HTTP/1.1" 404 196
::1 - - [15/Nov/2024:21:55:21 +0900] "GET /index.php HTTP/1.1" 200 76017
::1 - - [15/Nov/2024:21:56:21 +0900] "-" 408 -
::1 - - [15/Nov/2024:22:00:09 +0900] "GET /index.html HTTP/1.1" 200 49
::1 - - [15/Nov/2024:22:00:13 +0900] "GET / HTTP/1.1" 200 49
::1 - - [15/Nov/2024:22:01:09 +0900] "-" 408 -
::1 - - [15/Nov/2024:22:01:14 +0900] "GET /index.php HTTP/1.1" 200 76017
::1 - - [15/Nov/2024:22:01:46 +0900] "GET /index.html HTTP/1.1" 200 49
::1 - - [15/Nov/2024:22:02:46 +0900] "-" 408 -
::1 - - [15/Nov/2024:22:13:33 +0900] "GET /movie-rating-website/ HTTP/1.1" 200 -
::1 - - [15/Nov/2024:22:14:12 +0900] "GET /movie-rating-website/ HTTP/1.1" 200 76394
::1 - - [15/Nov/2024:22:14:37 +0900] "GET /movie-rating-website/ HTTP/1.1" 200 505
::1 - - [15/Nov/2024:22:14:37 +0900] "GET /movie-rating-website/assets/css/style.css HTTP/1.1" 200 -
::1 - - [15/Nov/2024:22:15:24 +0900] "GET /movie-rating-website/ HTTP/1.1" 200 505
::1 - - [15/Nov/2024:22:15:24 +0900] "GET /movie-rating-website/assets/css/style.css HTTP/1.1" 200 597
::1 - - [15/Nov/2024:22:16:24 +0900] "-" 408 -
::1 - - [15/Nov/2024:22:18:41 +0900] "GET /movie-rating-website/ HTTP/1.1" 200 505
::1 - - [15/Nov/2024:22:18:41 +0900] "GET /movie-rating-website/assets/css/style.css HTTP/1.1" 304 -
::1 - - [15/Nov/2024:22:18:42 +0900] "GET /movie-rating-website/register.php HTTP/1.1" 200 1134
::1 - - [15/Nov/2024:22:19:41 +0900] "-" 408 -
::1 - - [15/Nov/2024:22:20:53 +0900] "GET /movie-rating-website/register.php HTTP/1.1" 200 1190
::1 - - [15/Nov/2024:22:20:53 +0900] "GET /movie-rating-website/assets/css/style.css HTTP/1.1" 304 -
::1 - - [15/Nov/2024:22:20:54 +0900] "GET /movie-rating-website/register.php HTTP/1.1" 200 1190
::1 - - [15/Nov/2024:22:21:13 +0900] "GET /movie-rating-website/register.php HTTP/1.1" 200 1190
::1 - - [15/Nov/2024:22:21:54 +0900] "GET /movie-rating-website/register.php HTTP/1.1" 200 1158
::1 - - [15/Nov/2024:22:21:54 +0900] "GET /movie-rating-website/assets/css/style.css HTTP/1.1" 304 -
::1 - - [15/Nov/2024:22:21:59 +0900] "POST /movie-rating-website/register_action.php HTTP/1.1" 404 196
::1 - - [15/Nov/2024:22:22:02 +0900] "POST /movie-rating-website/register_action.php HTTP/1.1" 404 196
::1 - - [15/Nov/2024:22:22:54 +0900] "-" 408 -
::1 - - [15/Nov/2024:22:23:12 +0900] "GET /movie-rating-website/register.php HTTP/1.1" 200 558
::1 - - [15/Nov/2024:22:23:15 +0900] "GET /movie-rating-website/register.php HTTP/1.1" 200 558
::1 - - [15/Nov/2024:22:24:12 +0900] "-" 408 -
::1 - - [15/Nov/2024:22:26:50 +0900] "GET /movie-rating-website/register.php HTTP/1.1" 200 699
::1 - - [15/Nov/2024:22:26:50 +0900] "GET /movie-rating-website/assets/css/style.css HTTP/1.1" 304 -
::1 - - [15/Nov/2024:22:27:36 +0900] "POST /movie-rating-website/register_process.php HTTP/1.1" 404 196
::1 - - [15/Nov/2024:22:28:36 +0900] "-" 408 -
::1 - - [15/Nov/2024:22:29:10 +0900] "GET /movie-rating-website/register.php HTTP/1.1" 200 707
::1 - - [15/Nov/2024:22:29:10 +0900] "GET /movie-rating-website/assets/css/style.css HTTP/1.1" 304 -
::1 - - [15/Nov/2024:22:30:09 +0900] "GET /movie-rating-website/register.php HTTP/1.1" 200 712
::1 - - [15/Nov/2024:22:30:22 +0900] "GET /movie-rating-website/register.php HTTP/1.1" 200 703
::1 - - [15/Nov/2024:22:30:34 +0900] "GET /movie-rating-website/register.php HTTP/1.1" 200 707
::1 - - [15/Nov/2024:22:30:34 +0900] "GET /movie-rating-website/assets/css/style.css HTTP/1.1" 304 -
::1 - - [15/Nov/2024:22:31:34 +0900] "-" 408 -
::1 - - [15/Nov/2024:22:31:46 +0900] "GET /movie-rating-website/register.php HTTP/1.1" 200 707
::1 - - [15/Nov/2024:22:31:47 +0900] "GET /movie-rating-website/register.php HTTP/1.1" 200 707
::1 - - [15/Nov/2024:22:32:31 +0900] "GET /movie-rating-website/register.php HTTP/1.1" 200 707
::1 - - [15/Nov/2024:22:32:31 +0900] "GET /movie-rating-website/assets/css/style.css HTTP/1.1" 200 598
::1 - - [15/Nov/2024:22:32:45 +0900] "GET /movie-rating-website/register.php HTTP/1.1" 200 707
::1 - - [15/Nov/2024:22:32:45 +0900] "GET /movie-rating-website/assets/css/style.css HTTP/1.1" 200 600
::1 - - [15/Nov/2024:22:32:58 +0900] "GET /movie-rating-website/register.php HTTP/1.1" 200 707
::1 - - [15/Nov/2024:22:32:58 +0900] "GET /movie-rating-website/assets/css/style.css HTTP/1.1" 200 597
::1 - - [15/Nov/2024:22:32:59 +0900] "GET /movie-rating-website/register.php HTTP/1.1" 200 707
::1 - - [15/Nov/2024:22:32:59 +0900] "GET /movie-rating-website/assets/css/style.css HTTP/1.1" 304 -
::1 - - [15/Nov/2024:22:33:16 +0900] "GET /movie-rating-website/register.php HTTP/1.1" 200 707
::1 - - [15/Nov/2024:22:33:17 +0900] "GET /movie-rating-website/assets/css/style.css HTTP/1.1" 304 -
::1 - - [15/Nov/2024:22:34:17 +0900] "-" 408 -
::1 - - [15/Nov/2024:22:38:39 +0900] "GET /movie-rating-website/register.php HTTP/1.1" 200 707
::1 - - [15/Nov/2024:22:38:39 +0900] "GET /movie-rating-website/assets/css/style.css HTTP/1.1" 200 597
::1 - - [15/Nov/2024:22:39:01 +0900] "GET /movie-rating-website/register.php HTTP/1.1" 200 707
::1 - - [15/Nov/2024:22:39:01 +0900] "GET /movie-rating-website/assets/css/style.css HTTP/1.1" 200 596
::1 - - [15/Nov/2024:22:39:18 +0900] "GET /movie-rating-website/register.php HTTP/1.1" 200 707
::1 - - [15/Nov/2024:22:39:18 +0900] "GET /movie-rating-website/assets/css/style.css HTTP/1.1" 200 596
::1 - - [15/Nov/2024:22:40:18 +0900] "-" 408 -
::1 - - [15/Nov/2024:22:41:11 +0900] "GET /movie-rating-website/register.php HTTP/1.1" 200 707
::1 - - [15/Nov/2024:22:41:11 +0900] "GET /movie-rating-website/assets/css/style.css HTTP/1.1" 200 596
::1 - - [15/Nov/2024:22:42:11 +0900] "-" 408 -
::1 - - [15/Nov/2024:22:51:35 +0900] "GET /movie-rating-website/register.php HTTP/1.1" 200 707
::1 - - [15/Nov/2024:22:51:35 +0900] "GET /movie-rating-website/assets/css/style.css HTTP/1.1" 200 599
::1 - - [15/Nov/2024:22:52:26 +0900] "GET /movie-rating-website/register.php HTTP/1.1" 200 707
::1 - - [15/Nov/2024:22:52:26 +0900] "GET /movie-rating-website/assets/css/style.css HTTP/1.1" 200 598
::1 - - [15/Nov/2024:22:53:12 +0900] "GET /movie-rating-website/assets/css/style.css HTTP/1.1" 304 -
::1 - - [15/Nov/2024:22:53:31 +0900] "-" 408 -
::1 - - [15/Nov/2024:22:56:15 +0900] "GET /movie-rating-website/register.php HTTP/1.1" 200 707
::1 - - [15/Nov/2024:22:56:15 +0900] "GET /movie-rating-website/assets/css/style.css HTTP/1.1" 200 599
::1 - - [15/Nov/2024:22:57:15 +0900] "-" 408 -
::1 - - [15/Nov/2024:22:58:56 +0900] "GET /movie-rating-website/register.php HTTP/1.1" 200 707
::1 - - [15/Nov/2024:22:58:56 +0900] "GET /movie-rating-website/assets/css/style.css HTTP/1.1" 304 -
::1 - - [15/Nov/2024:22:59:06 +0900] "GET /movie-rating-website/register.php HTTP/1.1" 200 707
::1 - - [15/Nov/2024:22:59:08 +0900] "GET /movie-rating-website/register.php HTTP/1.1" 200 707
::1 - - [15/Nov/2024:22:59:08 +0900] "GET /movie-rating-website/register.php HTTP/1.1" 200 707
::1 - - [15/Nov/2024:22:59:17 +0900] "GET /movie-rating-website/register.php HTTP/1.1" 200 707
::1 - - [15/Nov/2024:22:59:17 +0900] "GET /movie-rating-website/assets/css/style.css HTTP/1.1" 200 598
::1 - - [15/Nov/2024:23:00:17 +0900] "-" 408 -
::1 - - [15/Nov/2024:23:02:57 +0900] "GET /movie-rating-website/register.php HTTP/1.1" 200 652
::1 - - [15/Nov/2024:23:03:11 +0900] "GET /movie-rating-website/register.php HTTP/1.1" 200 707
::1 - - [15/Nov/2024:23:03:11 +0900] "GET /movie-rating-website/assets/css/style.css HTTP/1.1" 304 -
::1 - - [15/Nov/2024:23:04:11 +0900] "-" 408 -
::1 - - [15/Nov/2024:23:14:50 +0900] "GET /movie-rating-website/register.php HTTP/1.1" 200 707
::1 - - [15/Nov/2024:23:14:50 +0900] "GET /movie-rating-website/assets/css/style.css HTTP/1.1" 304 -
::1 - - [15/Nov/2024:23:14:58 +0900] "POST /movie-rating-website/register_process.php HTTP/1.1" 200 361
::1 - - [15/Nov/2024:23:15:58 +0900] "-" 408 -
::1 - - [15/Nov/2024:23:24:35 +0900] "GET /connection_test.php HTTP/1.1" 404 196
::1 - - [15/Nov/2024:23:24:45 +0900] "GET /movie-rating-website/connection_test.php HTTP/1.1" 200 360
::1 - - [15/Nov/2024:23:25:45 +0900] "-" 408 -
::1 - - [15/Nov/2024:23:26:00 +0900] "GET /movie-rating-website/add_movie.php HTTP/1.1" 200 469
::1 - - [15/Nov/2024:23:26:18 +0900] "GET /movie-rating-website/add_movie.php HTTP/1.1" 200 461
::1 - - [15/Nov/2024:23:26:46 +0900] "GET /movie-rating-website/add_movie.php HTTP/1.1" 200 518
::1 - - [15/Nov/2024:23:26:46 +0900] "GET /movie-rating-website/assets/css/style.css HTTP/1.1" 304 -
::1 - - [15/Nov/2024:23:27:09 +0900] "GET /movie-rating-website/connection_test.php HTTP/1.1" 200 360
::1 - - [15/Nov/2024:23:27:36 +0900] "GET /movie-rating-website/add_movie.php HTTP/1.1" 200 518
::1 - - [15/Nov/2024:23:27:45 +0900] "POST /movie-rating-website/add_movie_process.php HTTP/1.1" 200 362
::1 - - [15/Nov/2024:23:28:45 +0900] "-" 408 -
192.168.3.1 - - [17/Nov/2024:16:20:41 +0900] "GET /HNAP1/ HTTP/1.1" 404 196
192.168.3.1 - - [17/Nov/2024:16:20:41 +0900] "POST /JNAP/ HTTP/1.1" 404 196
192.168.3.1 - - [17/Nov/2024:16:20:41 +0900] "GET /HNAP1/ HTTP/1.1" 404 196
192.168.3.1 - - [17/Nov/2024:16:20:41 +0900] "GET / HTTP/1.1" 200 49
192.168.3.1 - - [17/Nov/2024:16:20:41 +0900] "GET / HTTP/1.1" 200 49
192.168.3.1 - - [17/Nov/2024:16:20:41 +0900] "POST /JNAP/ HTTP/1.1" 404 196
192.168.3.1 - - [17/Nov/2024:16:20:41 +0900] "GET / HTTP/1.1" 200 49
192.168.3.1 - - [17/Nov/2024:16:20:41 +0900] "GET /HNAP1/ HTTP/1.1" 404 196
192.168.3.1 - - [17/Nov/2024:16:20:41 +0900] "POST /JNAP/ HTTP/1.1" 404 196
192.168.3.1 - - [17/Nov/2024:16:20:41 +0900] "GET /HNAP1/ HTTP/1.1" 404 196
192.168.3.1 - - [17/Nov/2024:16:20:41 +0900] "GET /HNAP1/ HTTP/1.1" 404 196
192.168.3.1 - - [17/Nov/2024:16:20:41 +0900] "GET /HNAP1/ HTTP/1.1" 404 196
192.168.3.1 - - [17/Nov/2024:16:20:41 +0900] "GET / HTTP/1.1" 200 49
192.168.3.1 - - [17/Nov/2024:16:20:41 +0900] "GET /HNAP1/ HTTP/1.1" 404 196
192.168.3.1 - - [17/Nov/2024:16:20:41 +0900] "POST /JNAP/ HTTP/1.1" 404 196
192.168.3.1 - - [17/Nov/2024:16:20:41 +0900] "POST /JNAP/ HTTP/1.1" 404 196
192.168.3.1 - - [17/Nov/2024:16:20:41 +0900] "GET /HNAP1/ HTTP/1.1" 404 196
192.168.3.1 - - [17/Nov/2024:16:20:41 +0900] "POST /JNAP/ HTTP/1.1" 404 196
192.168.3.1 - - [17/Nov/2024:16:20:41 +0900] "GET / HTTP/1.1" 200 49
192.168.3.1 - - [17/Nov/2024:16:20:41 +0900] "GET /HNAP1/ HTTP/1.1" 404 196
192.168.3.1 - - [17/Nov/2024:16:20:41 +0900] "GET / HTTP/1.1" 200 49
192.168.3.1 - - [17/Nov/2024:16:20:41 +0900] "GET / HTTP/1.1" 200 49
192.168.3.1 - - [17/Nov/2024:16:20:41 +0900] "GET / HTTP/1.1" 200 49
192.168.3.1 - - [17/Nov/2024:16:20:41 +0900] "GET /HNAP1/ HTTP/1.1" 404 196
192.168.3.1 - - [17/Nov/2024:16:20:41 +0900] "POST /JNAP/ HTTP/1.1" 404 196
192.168.3.1 - - [17/Nov/2024:16:20:41 +0900] "GET / HTTP/1.1" 200 49
192.168.3.1 - - [17/Nov/2024:16:20:41 +0900] "POST /JNAP/ HTTP/1.1" 404 196
192.168.3.1 - - [17/Nov/2024:16:20:41 +0900] "GET / HTTP/1.1" 200 49
192.168.3.1 - - [17/Nov/2024:16:20:41 +0900] "POST /JNAP/ HTTP/1.1" 404 196
192.168.3.1 - - [17/Nov/2024:16:20:41 +0900] "POST /JNAP/ HTTP/1.1" 404 196
192.168.3.1 - - [17/Nov/2024:16:21:04 +0900] "GET / HTTP/1.1" 200 49
192.168.3.1 - - [17/Nov/2024:16:21:04 +0900] "POST /JNAP/ HTTP/1.1" 404 196
::1 - - [17/Nov/2024:16:29:28 +0900] "GET /connection_test.php HTTP/1.1" 404 196
::1 - - [17/Nov/2024:16:29:37 +0900] "GET / HTTP/1.1" 200 49
::1 - - [17/Nov/2024:16:29:56 +0900] "GET /movie-rating-website/connection_test.php HTTP/1.1" 200 360
::1 - - [17/Nov/2024:16:30:56 +0900] "-" 408 -
::1 - - [17/Nov/2024:16:31:39 +0900] "GET /index.php HTTP/1.1" 200 76017
::1 - - [17/Nov/2024:16:32:39 +0900] "-" 408 -
::1 - - [17/Nov/2024:16:43:21 +0900] "GET /index.php HTTP/1.1" 200 76253
::1 - - [17/Nov/2024:16:43:23 +0900] "GET /index.php HTTP/1.1" 200 76253
::1 - - [17/Nov/2024:16:44:21 +0900] "-" 408 -
::1 - - [17/Nov/2024:16:45:56 +0900] "GET /index.php HTTP/1.1" 200 72254
::1 - - [17/Nov/2024:16:46:56 +0900] "-" 408 -
::1 - - [17/Nov/2024:17:04:34 +0900] "GET /index.php HTTP/1.1" 200 72254
::1 - - [17/Nov/2024:17:05:34 +0900] "-" 408 -
::1 - - [17/Nov/2024:17:07:19 +0900] "GET /movie_rating_website/connection_test.php HTTP/1.1" 404 196
::1 - - [17/Nov/2024:17:07:31 +0900] "GET / HTTP/1.1" 200 49
::1 - - [17/Nov/2024:17:08:11 +0900] "GET /movie-rating-website/connection_test.php HTTP/1.1" 200 360
::1 - - [17/Nov/2024:17:09:11 +0900] "-" 408 -
::1 - - [17/Nov/2024:17:09:23 +0900] "GET /movie-rating-website/connection_test.php HTTP/1.1" 200 360
::1 - - [17/Nov/2024:17:09:52 +0900] "GET /index.php HTTP/1.1" 200 72018
::1 - - [17/Nov/2024:17:10:52 +0900] "-" 408 -
::1 - - [17/Nov/2024:17:15:52 +0900] "GET /movie-rating-website/connection_test.php HTTP/1.1" 200 25
::1 - - [17/Nov/2024:17:16:16 +0900] "GET /movie-rating-website/connection_test.php HTTP/1.1" 200 498
::1 - - [17/Nov/2024:17:17:16 +0900] "-" 408 -
::1 - - [17/Nov/2024:17:17:24 +0900] "GET /movie-rating-website/connection_test.php HTTP/1.1" 200 -
::1 - - [17/Nov/2024:17:17:27 +0900] "GET /movie-rating-website/connection_test.php HTTP/1.1" 200 -
::1 - - [17/Nov/2024:17:18:25 +0900] "-" 408 -
::1 - - [17/Nov/2024:17:25:25 +0900] "GET /index.php HTTP/1.1" 200 73995
::1 - - [17/Nov/2024:17:25:27 +0900] "GET /index.php HTTP/1.1" 200 73995
::1 - - [17/Nov/2024:17:26:25 +0900] "-" 408 -
::1 - - [17/Nov/2024:17:27:54 +0900] "GET /index.php HTTP/1.1" 200 73995
::1 - - [17/Nov/2024:17:28:13 +0900] "GET /movie-rating-website/connection_test.php HTTP/1.1" 200 -
::1 - - [17/Nov/2024:17:29:13 +0900] "-" 408 -
::1 - - [17/Nov/2024:18:07:32 +0900] "GET /movie-rating-website/register.php HTTP/1.1" 200 1208
::1 - - [17/Nov/2024:18:07:32 +0900] "GET /movie-rating-website/assets/css/style.css HTTP/1.1" 304 -
::1 - - [17/Nov/2024:18:07:37 +0900] "GET /movie-rating-website/connection_test.php HTTP/1.1" 200 -
::1 - - [17/Nov/2024:18:08:32 +0900] "-" 408 -
::1 - - [17/Nov/2024:18:32:41 +0900] "GET /movie-rating-website/register.php HTTP/1.1" 200 1208
::1 - - [17/Nov/2024:18:32:43 +0900] "GET /index.php HTTP/1.1" 200 73995
::1 - - [17/Nov/2024:18:32:44 +0900] "GET /index.php HTTP/1.1" 200 73995
::1 - - [17/Nov/2024:18:33:41 +0900] "-" 408 -
::1 - - [17/Nov/2024:18:38:54 +0900] "POST /movie-rating-website/register_process.php HTTP/1.1" 200 154
::1 - - [17/Nov/2024:18:39:20 +0900] "POST /movie-rating-website/register_process.php HTTP/1.1" 200 417
::1 - - [17/Nov/2024:18:39:24 +0900] "POST /movie-rating-website/register_process.php HTTP/1.1" 200 417
::1 - - [17/Nov/2024:18:40:20 +0900] "-" 408 -
::1 - - [17/Nov/2024:18:42:14 +0900] "POST /movie-rating-website/register_process.php HTTP/1.1" 200 417
::1 - - [17/Nov/2024:18:43:14 +0900] "-" 408 -
::1 - - [17/Nov/2024:18:43:25 +0900] "POST /movie-rating-website/register_process.php HTTP/1.1" 200 417
::1 - - [17/Nov/2024:18:44:25 +0900] "-" 408 -
::1 - - [17/Nov/2024:18:45:17 +0900] "POST /movie-rating-website/register_process.php HTTP/1.1" 200 425
::1 - - [17/Nov/2024:18:46:17 +0900] "-" 408 -
::1 - - [17/Nov/2024:19:09:50 +0900] "GET /movie-rating-website/register.php HTTP/1.1" 200 2374
::1 - - [17/Nov/2024:19:10:50 +0900] "-" 408 -
::1 - - [17/Nov/2024:19:12:30 +0900] "POST /movie-rating-website/register_process.php HTTP/1.1" 200 417
::1 - - [17/Nov/2024:19:12:46 +0900] "POST /movie-rating-website/register_process.php HTTP/1.1" 200 417
::1 - - [17/Nov/2024:19:12:53 +0900] "GET /movie-rating-website/register.php HTTP/1.1" 200 2378
::1 - - [17/Nov/2024:19:13:53 +0900] "-" 408 -
::1 - - [18/Nov/2024:01:39:25 +0900] "GET /movie-rating-website/register.php HTTP/1.1" 200 2378
::1 - - [18/Nov/2024:01:39:25 +0900] "GET /movie-rating-website/assets/css/style.css HTTP/1.1" 304 -
::1 - - [18/Nov/2024:11:18:58 +0900] "GET /movie-rating-website/register.php HTTP/1.1" 200 2378
::1 - - [18/Nov/2024:11:18:58 +0900] "GET /movie-rating-website/assets/css/style.css HTTP/1.1" 304 -
::1 - - [18/Nov/2024:11:19:58 +0900] "-" 408 -
::1 - - [18/Nov/2024:13:24:20 +0900] "POST /movie-rating-website/register_process.php HTTP/1.1" 200 416
::1 - - [18/Nov/2024:13:24:48 +0900] "POST /movie-rating-website/register_process.php HTTP/1.1" 200 423
::1 - - [18/Nov/2024:13:25:05 +0900] "POST /movie-rating-website/register_process.php HTTP/1.1" 200 69
::1 - - [18/Nov/2024:13:25:39 +0900] "POST /movie-rating-website/register_process.php HTTP/1.1" 200 412
::1 - - [18/Nov/2024:13:26:00 +0900] "POST /movie-rating-website/register_process.php HTTP/1.1" 200 412
127.0.0.1 - - [18/Nov/2024:13:26:34 +0900] "GET /movie-rating-website/register.php HTTP/1.1" 200 2378
127.0.0.1 - - [18/Nov/2024:13:26:34 +0900] "GET /movie-rating-website/assets/css/style.css HTTP/1.1" 200 598
127.0.0.1 - - [18/Nov/2024:13:26:34 +0900] "GET /favicon.ico HTTP/1.1" 404 196
::1 - - [18/Nov/2024:13:27:00 +0900] "-" 408 -
127.0.0.1 - - [18/Nov/2024:13:27:12 +0900] "POST /movie-rating-website/register_process.php HTTP/1.1" 200 412
127.0.0.1 - - [18/Nov/2024:13:28:08 +0900] "POST /movie-rating-website/register_process.php HTTP/1.1" 200 91
::1 - - [18/Nov/2024:13:29:34 +0900] "POST /movie-rating-website/register_process.php HTTP/1.1" 200 412
::1 - - [18/Nov/2024:13:30:34 +0900] "-" 408 -
::1 - - [18/Nov/2024:15:50:54 +0900] "GET / HTTP/1.1" 200 161
::1 - - [18/Nov/2024:15:51:54 +0900] "-" 408 -
::1 - - [18/Nov/2024:15:57:41 +0900] "GET /index.php HTTP/1.1" 404 196
::1 - - [18/Nov/2024:15:57:45 +0900] "GET / HTTP/1.1" 200 237
::1 - - [18/Nov/2024:15:58:04 +0900] "GET / HTTP/1.1" 200 49
::1 - - [18/Nov/2024:15:58:30 +0900] "GET / HTTP/1.1" 200 49
::1 - - [18/Nov/2024:15:58:47 +0900] "GET / HTTP/1.1" 200 49
::1 - - [18/Nov/2024:15:58:48 +0900] "GET / HTTP/1.1" 200 49
::1 - - [18/Nov/2024:15:59:04 +0900] "GET /register.php HTTP/1.1" 200 2378
::1 - - [18/Nov/2024:15:59:04 +0900] "GET /assets/css/style.css HTTP/1.1" 200 598
::1 - - [18/Nov/2024:16:00:04 +0900] "-" 408 -
